<?xml version="1.0" encoding="UTF-8"?>
<!-- Generated by org.testng.reporters.JUnitReportReporter -->
<testsuite hostname="LAPTOP-7687MFOV" failures="0" tests="1" name="QAproject.Login" time="14.234" errors="0" timestamp="2025-04-28T15:22:17 IST" skipped="0">
  <testcase classname="QAproject.Login" name="login" time="14.234"/>
  <system-out/>
</testsuite> <!-- QAproject.Login -->
