<?xml version="1.0" encoding="UTF-8"?>
<!-- Generated by org.testng.reporters.JUnitReportReporter -->
<testsuite hostname="LAPTOP-7687MFOV" failures="0" tests="1" name="QAproject.Action" time="35.660" errors="0" timestamp="2025-05-06T10:21:13 IST" skipped="0">
  <testcase classname="QAproject.Action" name="changeLanguage" time="35.660"/>
  <system-out/>
</testsuite> <!-- QAproject.Action -->
