<?xml version="1.0" encoding="UTF-8"?>
<!-- Generated by org.testng.reporters.JUnitReportReporter -->
<testsuite hostname="LAPTOP-7687MFOV" failures="0" tests="1" name="QAproject.ExplicitWait" time="47.279" errors="0" timestamp="2025-04-23T09:51:02 IST" skipped="0">
  <testcase classname="QAproject.ExplicitWait" name="olx" time="47.279"/>
  <system-out/>
</testsuite> <!-- QAproject.ExplicitWait -->
