<?xml version="1.0" encoding="UTF-8"?>
<!-- Generated by org.testng.reporters.JUnitReportReporter -->
<testsuite hostname="LAPTOP-7687MFOV" failures="0" tests="1" name="QAproject.ImplicitWait" time="17.243" errors="0" timestamp="2025-04-28T15:47:00 IST" skipped="0">
  <testcase classname="QAproject.ImplicitWait" name="olx" time="17.243"/>
  <system-out/>
</testsuite> <!-- QAproject.ImplicitWait -->
