<?xml version="1.0" encoding="UTF-8"?>
<!-- Generated by org.testng.reporters.JUnitReportReporter -->
<testsuite hostname="LAPTOP-7687MFOV" failures="0" tests="1" name="QAproject.wait" time="22.591" errors="0" timestamp="2025-05-01T09:50:32 IST" skipped="0">
  <testcase classname="QAproject.wait" name="implicitwait" time="22.591"/>
  <system-out/>
</testsuite> <!-- QAproject.wait -->
