<?xml version="1.0" encoding="UTF-8"?>
<!-- Generated by org.testng.reporters.JUnitReportReporter -->
<testsuite hostname="LAPTOP-7687MFOV" failures="0" tests="1" name="QAproject.select" time="21.219" errors="0" timestamp="2025-05-01T11:06:10 IST" skipped="0">
  <testcase classname="QAproject.select" name="dropdowns" time="21.219"/>
  <system-out/>
</testsuite> <!-- QAproject.select -->
