<?xml version="1.0" encoding="UTF-8"?>
<!-- Generated by org.testng.reporters.JUnitReportReporter -->
<testsuite hostname="LAPTOP-7687MFOV" failures="0" tests="1" name="QAproject.Login" time="11.647" errors="0" timestamp="2025-05-01T09:33:38 IST" skipped="0">
  <testcase classname="QAproject.Login" name="login" time="11.647"/>
  <system-out/>
</testsuite> <!-- QAproject.Login -->
